Start testing: Feb 18 23:25 CET
----------------------------------------------------------
1/10 Testing: WhiteBoxTest.MatrixCreate
1/10 Test: WhiteBoxTest.MatrixCreate
Command: "/home/alex/Documents/ivs_project_1_2021/assignment/build/white_box_test" "--gtest_filter=WhiteBoxTest.MatrixCreate"
Directory: /home/alex/Documents/ivs_project_1_2021/assignment/build
"WhiteBoxTest.MatrixCreate" start time: Feb 18 23:25 CET
Output:
----------------------------------------------------------
Running main() from /home/alex/Documents/ivs_project_1_2021/assignment/build/googletest-master/googletest/src/gtest_main.cc
Note: Google Test filter = WhiteBoxTest.MatrixCreate
[==========] Running 1 test from 1 test suite.
[----------] Global test environment set-up.
[----------] 1 test from WhiteBoxTest
[ RUN      ] WhiteBoxTest.MatrixCreate
[       OK ] WhiteBoxTest.MatrixCreate (1 ms)
[----------] 1 test from WhiteBoxTest (1 ms total)

[----------] Global test environment tear-down
[==========] 1 test from 1 test suite ran. (2 ms total)
[  PASSED  ] 1 test.
<end of output>
Test time =   0.02 sec
----------------------------------------------------------
Test Passed.
"WhiteBoxTest.MatrixCreate" end time: Feb 18 23:25 CET
"WhiteBoxTest.MatrixCreate" time elapsed: 00:00:00
----------------------------------------------------------

2/10 Testing: NonEmptyQueue.Insert
2/10 Test: NonEmptyQueue.Insert
Command: "/home/alex/Documents/ivs_project_1_2021/assignment/build/tdd_test" "--gtest_filter=NonEmptyQueue.Insert"
Directory: /home/alex/Documents/ivs_project_1_2021/assignment/build
"NonEmptyQueue.Insert" start time: Feb 18 23:25 CET
Output:
----------------------------------------------------------
Running main() from /home/alex/Documents/ivs_project_1_2021/assignment/build/googletest-master/googletest/src/gtest_main.cc
Note: Google Test filter = NonEmptyQueue.Insert
[==========] Running 1 test from 1 test suite.
[----------] Global test environment set-up.
[----------] 1 test from NonEmptyQueue
[ RUN      ] NonEmptyQueue.Insert
<end of output>
Test time =   0.01 sec
----------------------------------------------------------
Test Failed.
"NonEmptyQueue.Insert" end time: Feb 18 23:25 CET
"NonEmptyQueue.Insert" time elapsed: 00:00:00
----------------------------------------------------------

3/10 Testing: NonEmptyQueue.RemoveAllBackward
3/10 Test: NonEmptyQueue.RemoveAllBackward
Command: "/home/alex/Documents/ivs_project_1_2021/assignment/build/tdd_test" "--gtest_filter=NonEmptyQueue.RemoveAllBackward"
Directory: /home/alex/Documents/ivs_project_1_2021/assignment/build
"NonEmptyQueue.RemoveAllBackward" start time: Feb 18 23:25 CET
Output:
----------------------------------------------------------
Running main() from /home/alex/Documents/ivs_project_1_2021/assignment/build/googletest-master/googletest/src/gtest_main.cc
Note: Google Test filter = NonEmptyQueue.RemoveAllBackward
[==========] Running 1 test from 1 test suite.
[----------] Global test environment set-up.
[----------] 1 test from NonEmptyQueue
[ RUN      ] NonEmptyQueue.RemoveAllBackward
/home/alex/Documents/ivs_project_1_2021/assignment/tdd_tests.cpp:54: Failure
Value of: queue.Remove(values[i])
  Actual: false
Expected: true
<end of output>
Test time =   0.01 sec
----------------------------------------------------------
Test Failed.
"NonEmptyQueue.RemoveAllBackward" end time: Feb 18 23:25 CET
"NonEmptyQueue.RemoveAllBackward" time elapsed: 00:00:00
----------------------------------------------------------

4/10 Testing: NonEmptyQueue.RemoveAllForward
4/10 Test: NonEmptyQueue.RemoveAllForward
Command: "/home/alex/Documents/ivs_project_1_2021/assignment/build/tdd_test" "--gtest_filter=NonEmptyQueue.RemoveAllForward"
Directory: /home/alex/Documents/ivs_project_1_2021/assignment/build
"NonEmptyQueue.RemoveAllForward" start time: Feb 18 23:25 CET
Output:
----------------------------------------------------------
Running main() from /home/alex/Documents/ivs_project_1_2021/assignment/build/googletest-master/googletest/src/gtest_main.cc
Note: Google Test filter = NonEmptyQueue.RemoveAllForward
[==========] Running 1 test from 1 test suite.
[----------] Global test environment set-up.
[----------] 1 test from NonEmptyQueue
[ RUN      ] NonEmptyQueue.RemoveAllForward
/home/alex/Documents/ivs_project_1_2021/assignment/tdd_tests.cpp:69: Failure
Value of: queue.Remove(values[i])
  Actual: false
Expected: true
<end of output>
Test time =   0.00 sec
----------------------------------------------------------
Test Failed.
"NonEmptyQueue.RemoveAllForward" end time: Feb 18 23:25 CET
"NonEmptyQueue.RemoveAllForward" time elapsed: 00:00:00
----------------------------------------------------------

5/10 Testing: NonEmptyQueue.Find
5/10 Test: NonEmptyQueue.Find
Command: "/home/alex/Documents/ivs_project_1_2021/assignment/build/tdd_test" "--gtest_filter=NonEmptyQueue.Find"
Directory: /home/alex/Documents/ivs_project_1_2021/assignment/build
"NonEmptyQueue.Find" start time: Feb 18 23:25 CET
Output:
----------------------------------------------------------
Running main() from /home/alex/Documents/ivs_project_1_2021/assignment/build/googletest-master/googletest/src/gtest_main.cc
Note: Google Test filter = NonEmptyQueue.Find
[==========] Running 1 test from 1 test suite.
[----------] Global test environment set-up.
[----------] 1 test from NonEmptyQueue
[ RUN      ] NonEmptyQueue.Find
/home/alex/Documents/ivs_project_1_2021/assignment/tdd_tests.cpp:83: Failure
Value of: pElem != NULL
  Actual: false
Expected: true
[  FAILED  ] NonEmptyQueue.Find (0 ms)
[----------] 1 test from NonEmptyQueue (0 ms total)

[----------] Global test environment tear-down
[==========] 1 test from 1 test suite ran. (0 ms total)
[  PASSED  ] 0 tests.
[  FAILED  ] 1 test, listed below:
[  FAILED  ] NonEmptyQueue.Find

 1 FAILED TEST
<end of output>
Test time =   0.00 sec
----------------------------------------------------------
Test Failed.
"NonEmptyQueue.Find" end time: Feb 18 23:25 CET
"NonEmptyQueue.Find" time elapsed: 00:00:00
----------------------------------------------------------

6/10 Testing: NonEmptyQueue.Length
6/10 Test: NonEmptyQueue.Length
Command: "/home/alex/Documents/ivs_project_1_2021/assignment/build/tdd_test" "--gtest_filter=NonEmptyQueue.Length"
Directory: /home/alex/Documents/ivs_project_1_2021/assignment/build
"NonEmptyQueue.Length" start time: Feb 18 23:25 CET
Output:
----------------------------------------------------------
Running main() from /home/alex/Documents/ivs_project_1_2021/assignment/build/googletest-master/googletest/src/gtest_main.cc
Note: Google Test filter = NonEmptyQueue.Length
[==========] Running 1 test from 1 test suite.
[----------] Global test environment set-up.
[----------] 1 test from NonEmptyQueue
[ RUN      ] NonEmptyQueue.Length
/home/alex/Documents/ivs_project_1_2021/assignment/tdd_tests.cpp:94: Failure
Expected equality of these values:
  queue.Length()
    Which is: 0
  14
/home/alex/Documents/ivs_project_1_2021/assignment/tdd_tests.cpp:98: Failure
Expected equality of these values:
  queue.Length()
    Which is: 0
  15
/home/alex/Documents/ivs_project_1_2021/assignment/tdd_tests.cpp:102: Failure
Expected equality of these values:
  queue.Length()
    Which is: 0
  14
[  FAILED  ] NonEmptyQueue.Length (0 ms)
[----------] 1 test from NonEmptyQueue (0 ms total)

[----------] Global test environment tear-down
[==========] 1 test from 1 test suite ran. (1 ms total)
[  PASSED  ] 0 tests.
[  FAILED  ] 1 test, listed below:
[  FAILED  ] NonEmptyQueue.Length

 1 FAILED TEST
<end of output>
Test time =   0.00 sec
----------------------------------------------------------
Test Failed.
"NonEmptyQueue.Length" end time: Feb 18 23:25 CET
"NonEmptyQueue.Length" time elapsed: 00:00:00
----------------------------------------------------------

7/10 Testing: EmptyQueue.Insert
7/10 Test: EmptyQueue.Insert
Command: "/home/alex/Documents/ivs_project_1_2021/assignment/build/tdd_test" "--gtest_filter=EmptyQueue.Insert"
Directory: /home/alex/Documents/ivs_project_1_2021/assignment/build
"EmptyQueue.Insert" start time: Feb 18 23:25 CET
Output:
----------------------------------------------------------
Running main() from /home/alex/Documents/ivs_project_1_2021/assignment/build/googletest-master/googletest/src/gtest_main.cc
Note: Google Test filter = EmptyQueue.Insert
[==========] Running 1 test from 1 test suite.
[----------] Global test environment set-up.
[----------] 1 test from EmptyQueue
[ RUN      ] EmptyQueue.Insert
/home/alex/Documents/ivs_project_1_2021/assignment/tdd_tests.cpp:111: Failure
Value of: queue.GetHead() != NULL
  Actual: false
Expected: true
[  FAILED  ] EmptyQueue.Insert (0 ms)
[----------] 1 test from EmptyQueue (0 ms total)

[----------] Global test environment tear-down
[==========] 1 test from 1 test suite ran. (0 ms total)
[  PASSED  ] 0 tests.
[  FAILED  ] 1 test, listed below:
[  FAILED  ] EmptyQueue.Insert

 1 FAILED TEST
<end of output>
Test time =   0.00 sec
----------------------------------------------------------
Test Failed.
"EmptyQueue.Insert" end time: Feb 18 23:25 CET
"EmptyQueue.Insert" time elapsed: 00:00:00
----------------------------------------------------------

8/10 Testing: EmptyQueue.Remove
8/10 Test: EmptyQueue.Remove
Command: "/home/alex/Documents/ivs_project_1_2021/assignment/build/tdd_test" "--gtest_filter=EmptyQueue.Remove"
Directory: /home/alex/Documents/ivs_project_1_2021/assignment/build
"EmptyQueue.Remove" start time: Feb 18 23:25 CET
Output:
----------------------------------------------------------
Running main() from /home/alex/Documents/ivs_project_1_2021/assignment/build/googletest-master/googletest/src/gtest_main.cc
Note: Google Test filter = EmptyQueue.Remove
[==========] Running 1 test from 1 test suite.
[----------] Global test environment set-up.
[----------] 1 test from EmptyQueue
[ RUN      ] EmptyQueue.Remove
[       OK ] EmptyQueue.Remove (0 ms)
[----------] 1 test from EmptyQueue (0 ms total)

[----------] Global test environment tear-down
[==========] 1 test from 1 test suite ran. (0 ms total)
[  PASSED  ] 1 test.
<end of output>
Test time =   0.00 sec
----------------------------------------------------------
Test Passed.
"EmptyQueue.Remove" end time: Feb 18 23:25 CET
"EmptyQueue.Remove" time elapsed: 00:00:00
----------------------------------------------------------

9/10 Testing: EmptyQueue.Find
9/10 Test: EmptyQueue.Find
Command: "/home/alex/Documents/ivs_project_1_2021/assignment/build/tdd_test" "--gtest_filter=EmptyQueue.Find"
Directory: /home/alex/Documents/ivs_project_1_2021/assignment/build
"EmptyQueue.Find" start time: Feb 18 23:25 CET
Output:
----------------------------------------------------------
Running main() from /home/alex/Documents/ivs_project_1_2021/assignment/build/googletest-master/googletest/src/gtest_main.cc
Note: Google Test filter = EmptyQueue.Find
[==========] Running 1 test from 1 test suite.
[----------] Global test environment set-up.
[----------] 1 test from EmptyQueue
[ RUN      ] EmptyQueue.Find
[       OK ] EmptyQueue.Find (0 ms)
[----------] 1 test from EmptyQueue (0 ms total)

[----------] Global test environment tear-down
[==========] 1 test from 1 test suite ran. (0 ms total)
[  PASSED  ] 1 test.
<end of output>
Test time =   0.00 sec
----------------------------------------------------------
Test Passed.
"EmptyQueue.Find" end time: Feb 18 23:25 CET
"EmptyQueue.Find" time elapsed: 00:00:00
----------------------------------------------------------

10/10 Testing: EmptyQueue.Length
10/10 Test: EmptyQueue.Length
Command: "/home/alex/Documents/ivs_project_1_2021/assignment/build/tdd_test" "--gtest_filter=EmptyQueue.Length"
Directory: /home/alex/Documents/ivs_project_1_2021/assignment/build
"EmptyQueue.Length" start time: Feb 18 23:25 CET
Output:
----------------------------------------------------------
Running main() from /home/alex/Documents/ivs_project_1_2021/assignment/build/googletest-master/googletest/src/gtest_main.cc
Note: Google Test filter = EmptyQueue.Length
[==========] Running 1 test from 1 test suite.
[----------] Global test environment set-up.
[----------] 1 test from EmptyQueue
[ RUN      ] EmptyQueue.Length
[       OK ] EmptyQueue.Length (0 ms)
[----------] 1 test from EmptyQueue (0 ms total)

[----------] Global test environment tear-down
[==========] 1 test from 1 test suite ran. (0 ms total)
[  PASSED  ] 1 test.
<end of output>
Test time =   0.00 sec
----------------------------------------------------------
Test Passed.
"EmptyQueue.Length" end time: Feb 18 23:25 CET
"EmptyQueue.Length" time elapsed: 00:00:00
----------------------------------------------------------

End testing: Feb 18 23:25 CET
